\BOOKMARK [0][-]{chapter.2}{\376\377\000I\000n\000t\000r\000o\000d\000u\000c\000t\000i\000o\000n}{}% 1
\BOOKMARK [1][-]{section.3}{\376\377\000M\000o\000t\000i\000v\000a\000t\000i\000o\000n}{chapter.2}% 2
\BOOKMARK [1][-]{section.4}{\376\377\000S\000t\000a\000t\000e\000\040\000o\000f\000\040\000t\000h\000e\000\040\000A\000r\000t}{chapter.2}% 3
\BOOKMARK [1][-]{section.5}{\376\377\000P\000r\000o\000b\000l\000e\000m\000\040\000S\000t\000a\000t\000e\000m\000e\000n\000t}{chapter.2}% 4
\BOOKMARK [0][-]{chapter.6}{\376\377\000G\000e\000o\000m\000e\000t\000r\000i\000c\000\040\000M\000e\000t\000h\000o\000d\000s}{}% 5
\BOOKMARK [1][-]{section.7}{\376\377\000B\000\351\000z\000i\000e\000r\000\040\000C\000u\000r\000v\000e\000s}{chapter.6}% 6
\BOOKMARK [2][-]{subsection.9}{\376\377\000D\000e\000f\000i\000n\000i\000t\000i\000o\000n}{section.7}% 7
\BOOKMARK [2][-]{subsection.15}{\376\377\000D\000e\000\040\000C\000a\000s\000t\000e\000l\000j\000a\000u\000'\000s\000\040\000A\000l\000g\000o\000r\000i\000t\000h\000m}{section.7}% 8
\BOOKMARK [2][-]{subsection.19}{\376\377\000P\000r\000o\000p\000e\000r\000t\000i\000e\000s}{section.7}% 9
\BOOKMARK [1][-]{section.23}{\376\377\000N\000o\000n\000-\000U\000n\000i\000f\000o\000r\000m\000\040\000R\000a\000t\000i\000o\000n\000a\000l\000\040\000B\000-\000s\000p\000l\000i\000n\000e\000s\000\040\000\050\000N\000U\000R\000B\000S\000\051}{chapter.6}% 10
\BOOKMARK [2][-]{subsection.24}{\376\377\000D\000e\000f\000i\000n\000i\000t\000i\000o\000n}{section.23}% 11
\BOOKMARK [2][-]{subsection.38}{\376\377\000D\000e\000\040\000B\000o\000o\000r\000'\000s\000\040\000A\000l\000g\000o\000r\000i\000t\000h\000m}{section.23}% 12
\BOOKMARK [2][-]{subsection.46}{\376\377\000P\000r\000o\000p\000e\000r\000t\000i\000e\000s}{section.23}% 13
\BOOKMARK [1][-]{section.50}{\376\377\000C\000o\000m\000m\000o\000n\000\040\000M\000e\000t\000h\000o\000d\000s\000\040\000o\000n\000\040\000C\000u\000r\000v\000e\000s\000\040\000a\000n\000d\000\040\000S\000u\000r\000f\000a\000c\000e\000s}{chapter.6}% 14
\BOOKMARK [2][-]{subsection.51}{\376\377\000P\000o\000i\000n\000t\000\040\000I\000n\000v\000e\000r\000s\000i\000o\000n}{section.50}% 15
\BOOKMARK [2][-]{subsection.57}{\376\377\000I\000n\000t\000e\000r\000s\000e\000c\000t\000i\000o\000n\000\040\000o\000f\000\040\000a\000\040\000R\000a\000y\000\040\000a\000n\000d\000\040\000a\000\040\000C\000u\000r\000v\000e\000\040\000i\000n\000\040\0002\000D}{section.50}% 16
\BOOKMARK [2][-]{subsection.63}{\376\377\000I\000n\000t\000e\000r\000s\000e\000c\000t\000i\000n\000g\000\040\000T\000w\000o\000\040\000C\000u\000r\000v\000e\000s\000\040\000i\000n\000\040\0002\000D}{section.50}% 17
\BOOKMARK [2][-]{subsection.73}{\376\377\000O\000f\000f\000s\000e\000t\000\040\000C\000u\000r\000v\000e\000s\000\040\000a\000n\000d\000\040\000S\000e\000l\000f\000-\000I\000n\000t\000e\000r\000s\000e\000c\000t\000i\000o\000n\000s\000\040\000i\000n\000\040\0002\000D}{section.50}% 18
\BOOKMARK [2][-]{subsection.81}{\376\377\000T\000h\000e\000\040\000C\000r\000e\000a\000t\000i\000o\000n\000\040\000o\000f\000\040\000F\000i\000l\000l\000e\000t\000s\000\040\000i\000n\000\040\0002\000D}{section.50}% 19
\BOOKMARK [2][-]{subsection.91}{\376\377\000I\000n\000t\000e\000r\000s\000e\000c\000t\000i\000n\000g\000\040\000a\000\040\000S\000u\000r\000f\000a\000c\000e\000\040\000a\000n\000d\000\040\000a\000\040\000P\000l\000a\000n\000e}{section.50}% 20
\BOOKMARK [0][-]{chapter.92}{\376\377\000J\000e\000t\000\040\000E\000n\000g\000i\000n\000e\000\040\000S\000p\000e\000c\000i\000f\000i\000c\000\040\000M\000e\000t\000h\000o\000d\000s}{}% 21
\BOOKMARK [1][-]{section.93}{\376\377\000F\000u\000n\000d\000a\000m\000e\000n\000t\000a\000l\000\040\000T\000e\000r\000m\000s}{chapter.92}% 22
\BOOKMARK [1][-]{section.95}{\376\377\000T\000h\000e\000\040\000S\0002\000\040\000S\000t\000r\000e\000a\000m\000\040\000S\000u\000r\000f\000a\000c\000e\000\040\000a\000n\000d\000\040\000S\000t\000r\000e\000a\000m\000\040\000S\000u\000r\000f\000a\000c\000e\000\040\000C\000o\000o\000r\000d\000i\000n\000a\000t\000e\000s}{chapter.92}% 23
\BOOKMARK [0][-]{chapter.97}{\376\377\000R\000e\000s\000u\000l\000t\000s}{}% 24
\BOOKMARK [1][-]{section.98}{\376\377\000C\000h\000a\000m\000b\000e\000r\000s}{chapter.97}% 25
\BOOKMARK [1][-]{section.103}{\376\377\000T\000u\000r\000n\000s}{chapter.97}% 26
\BOOKMARK [1][-]{section.106}{\376\377\000F\000i\000l\000m\000\040\000C\000o\000o\000l\000i\000n\000g\000\040\000H\000o\000l\000e\000s}{chapter.97}% 27
\BOOKMARK [1][-]{section.108}{\376\377\000I\000m\000p\000i\000n\000g\000e\000m\000e\000n\000t\000\040\000I\000n\000s\000e\000r\000t\000s}{chapter.97}% 28
\BOOKMARK [1][-]{section.109}{\376\377\000S\000l\000o\000t\000s}{chapter.97}% 29
\BOOKMARK [1][-]{section.110}{\376\377\000E\000x\000p\000o\000r\000t\000\040\000f\000o\000r\000\040\000C\000E\000N\000T\000A\000U\000R}{chapter.97}% 30
\BOOKMARK [1][-]{section.111}{\376\377\000E\000x\000p\000o\000r\000t\000\040\000f\000o\000r\000\040\000O\000p\000e\000n\000\040\000C\000A\000S\000C\000A\000D\000E}{chapter.97}% 31
\BOOKMARK [0][-]{chapter.112}{\376\377\000D\000i\000s\000c\000u\000s\000s\000i\000o\000n}{}% 32
\BOOKMARK [1][-]{section.113}{\376\377\000F\000u\000t\000u\000r\000e\000\040\000W\000o\000r\000k}{chapter.112}% 33
\BOOKMARK [1][-]{section.114}{\376\377\000C\000o\000n\000c\000l\000u\000s\000i\000o\000n}{chapter.112}% 34
\BOOKMARK [0][-]{chapter.115}{\376\377\000R\000e\000f\000e\000r\000e\000n\000c\000e\000s}{}% 35
