Tecplot 2020.2.0.110596 Batch Log
ACTION: LoadAddOn
ACTION: LoadAddOn
ACTION: LoadAddOn
ACTION: LoadAddOn
ACTION: LoadAddOn
ACTION: LoadAddOn
ACTION: LoadAddOn
ACTION: LoadAddOn
ACTION: LoadAddOn
ACTION: LoadAddOn
ACTION: LoadAddOn
ACTION: LoadAddOn
ACTION: LoadAddOn
ACTION: LoadAddOn
ACTION: LoadAddOn
ACTION: LoadAddOn
ACTION: LoadAddOn
ACTION: LoadAddOn
ACTION: LoadAddOn
ACTION: LoadAddOn
ACTION: LoadAddOn
ACTION: LoadAddOn
ACTION: LoadAddOn
ACTION: LoadAddOn
ACTION: LoadAddOn
ACTION: LoadAddOn
ACTION: LoadAddOn
ACTION: LoadAddOn
ACTION: LoadAddOn
ACTION: LoadAddOn
ACTION: LoadAddOn
ACTION: LoadAddOn
ACTION: LoadAddOn
ACTION: LoadAddOn
ACTION: LoadAddOn
ACTION: LoadAddOn
ACTION: LoadAddOn
ACTION: LoadAddOn
ACTION: LoadAddOn
ACTION: LoadAddOn
ACTION: LoadAddOn
ACTION: LoadAddOn
ACTION: NewLayout
ACTION: ReadDataSet: "/home/luek_ju/git/masterthesis/tec/nurbsSurface.dat"
ACTION: Export
