Tecplot 2020.2.0.110596 Batch Log
ACTION: LoadAddOn
ACTION: LoadAddOn
ACTION: LoadAddOn
ACTION: LoadAddOn
ACTION: LoadAddOn
ACTION: LoadAddOn
ACTION: LoadAddOn
ACTION: LoadAddOn
ACTION: LoadAddOn
ACTION: LoadAddOn
ACTION: LoadAddOn
ACTION: LoadAddOn
ACTION: LoadAddOn
ACTION: LoadAddOn
ACTION: LoadAddOn
ACTION: LoadAddOn
ACTION: LoadAddOn
ACTION: LoadAddOn
ACTION: LoadAddOn
ACTION: LoadAddOn
ACTION: LoadAddOn
ACTION: LoadAddOn
ACTION: LoadAddOn
ACTION: LoadAddOn
ACTION: LoadAddOn
ACTION: LoadAddOn
ACTION: LoadAddOn
ACTION: LoadAddOn
ACTION: LoadAddOn
ACTION: LoadAddOn
ACTION: LoadAddOn
ACTION: LoadAddOn
ACTION: LoadAddOn
ACTION: LoadAddOn
ACTION: LoadAddOn
ACTION: LoadAddOn
ACTION: LoadAddOn
ACTION: LoadAddOn
ACTION: LoadAddOn
ACTION: LoadAddOn
ACTION: LoadAddOn
ACTION: LoadAddOn
ACTION: NewLayout
ACTION: ReadDataSet: "/home/luek_ju/git/masterthesis/tec/nurbsCurve/nurbsCurveDeg1.dat" "/home/luek_ju/git/masterthesis/tec/nurbsCurve/nurbsCurveDeg2.dat" "/home/luek_ju/git/masterthesis/tec/nurbsCurve/nurbsCurveDeg3.dat"
ACTION: CreateNewFrame
ACTION: CreateNewFrame
ACTION: CreateNewFrame
ACTION: FrameControl: ActivateByNumber
ACTION: FrameControl: ActivateByNumber
ACTION: FrameControl: ActivateByNumber
ACTION: FrameControl: ActivateByNumber
ACTION: FrameControl: DeleteActive
ACTION: FrameControl: ActivateByNumber
ACTION: FrameControl: ActivateByNumber
ACTION: AttachText
ACTION: FrameControl: ActivateByNumber
ACTION: AttachText
ACTION: FrameControl: ActivateByNumber
ACTION: AttachText
ACTION: Export
